Build started 8/31/2017 1:12:39 PM.
     1>Project "C:\Users\thind\GoogleDrive\Embedded\Project\Audio\portaudio\build\msvc\portaudio.vcxproj" on node 2 (Build target(s)).
     1>ClCompile:
         C:\Program Files (x86)\Microsoft Visual Studio 12.0\VC\bin\CL.exe /c /I..\..\src\common /I..\..\include /I.\ /I..\..\src\os\win /ZI /nologo /W3 /WX- /Od /Oy /D WIN32 /D _DEBUG /D _USRDLL /D PA_ENABLE_DEBUG_OUTPUT /D _CRT_SECURE_NO_DEPRECATE /D PAWIN_USE_WDMKS_DEVICE_INFO /D PA_USE_ASIO=0 /D PA_USE_DS=0 /D PA_USE_WMME=1 /D PA_USE_WASAPI=1 /D PA_USE_WDMKS=1 /D _VC80_UPGRADE=0x0600 /D _WINDLL /Gm /EHsc /RTC1 /MT /GS /fp:fast /Zc:wchar_t /Zc:forScope /Fo"Win32\Debug\\" /Fd"Win32\Debug\vc120.pdb" /Gd /TC /analyze- /errorReport:prompt ..\..\src\common\pa_allocation.c ..\..\src\common\pa_converters.c ..\..\src\common\pa_cpuload.c ..\..\src\common\pa_debugprint.c ..\..\src\common\pa_dither.c ..\..\src\common\pa_front.c ..\..\src\hostapi\skeleton\pa_hostapi_skeleton.c ..\..\src\common\pa_process.c ..\..\src\common\pa_ringbuffer.c ..\..\src\common\pa_stream.c ..\..\src\common\pa_trace.c ..\..\src\hostapi\dsound\pa_win_ds.c ..\..\src\hostapi\dsound\pa_win_ds_dynlink.c ..\..\src\hostapi\wmme\pa_win_wmme.c ..\..\src\hostapi\wasapi\pa_win_wasapi.c ..\..\src\hostapi\wdmks\pa_win_wdmks.c ..\..\src\os\win\pa_win_coinitialize.c ..\..\src\os\win\pa_win_hostapis.c ..\..\src\os\win\pa_win_util.c ..\..\src\os\win\pa_win_waveformat.c ..\..\src\os\win\pa_win_wdmks_utils.c ..\..\src\os\win\pa_x86_plain_converters.c
         pa_x86_plain_converters.c
         pa_win_wdmks_utils.c
         pa_win_waveformat.c
         pa_win_util.c
         pa_win_hostapis.c
         pa_win_coinitialize.c
         pa_win_wdmks.c
         pa_win_wasapi.c
     1>c:\users\thind\googledrive\embedded\project\audio\portaudio\src\hostapi\wasapi\pa_win_wasapi.c(1540): warning C4101: 'deviceNameLen' : unreferenced local variable
         pa_win_wmme.c
         pa_win_ds_dynlink.c
         pa_win_ds.c
         pa_trace.c
         pa_stream.c
         pa_ringbuffer.c
         pa_process.c
         pa_hostapi_skeleton.c
         pa_front.c
         pa_dither.c
         pa_debugprint.c
         pa_cpuload.c
         Generating Code...
         Compiling...
         pa_converters.c
         pa_allocation.c
         Generating Code...
     1>C:\Program Files (x86)\MSBuild\Microsoft.Cpp\v4.0\V120\Microsoft.CppBuild.targets(1193,5): warning MSB8012: TargetPath(C:\Users\thind\GoogleDrive\Embedded\Project\Audio\portaudio\build\msvc\Win32\Debug\portaudio.dll) does not match the Linker's OutputFile property value (C:\Users\thind\GoogleDrive\Embedded\Project\Audio\portaudio\build\msvc\Win32\Debug\portaudio_x86.dll). This may cause your project to build incorrectly. To correct this, please make sure that $(OutDir), $(TargetName) and $(TargetExt) property values match the value specified in %(Link.OutputFile).
     1>C:\Program Files (x86)\MSBuild\Microsoft.Cpp\v4.0\V120\Microsoft.CppBuild.targets(1195,5): warning MSB8012: TargetName(portaudio) does not match the Linker's OutputFile property value (portaudio_x86). This may cause your project to build incorrectly. To correct this, please make sure that $(OutDir), $(TargetName) and $(TargetExt) property values match the value specified in %(Link.OutputFile).
       Link:
         C:\Program Files (x86)\Microsoft Visual Studio 12.0\VC\bin\link.exe /ERRORREPORT:PROMPT /OUT:"Win32\Debug\portaudio_x86.dll" /INCREMENTAL /NOLOGO kernel32.lib user32.lib gdi32.lib winspool.lib comdlg32.lib advapi32.lib shell32.lib ole32.lib oleaut32.lib uuid.lib odbc32.lib odbccp32.lib /DEF:".\portaudio.def" /MANIFEST /MANIFESTUAC:"level='asInvoker' uiAccess='false'" /manifest:embed /DEBUG /PDB:"Win32\Debug\portaudio_x86.pdb" /TLBID:1 /DYNAMICBASE /NXCOMPAT /IMPLIB:"Win32\Debug\portaudio_x86.lib" /MACHINE:X86 /SAFESEH /DLL Win32\Debug\pa_allocation.obj
         Win32\Debug\pa_converters.obj
         Win32\Debug\pa_cpuload.obj
         Win32\Debug\pa_debugprint.obj
         Win32\Debug\pa_dither.obj
         Win32\Debug\pa_front.obj
         Win32\Debug\pa_hostapi_skeleton.obj
         Win32\Debug\pa_process.obj
         Win32\Debug\pa_ringbuffer.obj
         Win32\Debug\pa_stream.obj
         Win32\Debug\pa_trace.obj
         Win32\Debug\pa_win_ds.obj
         Win32\Debug\pa_win_ds_dynlink.obj
         Win32\Debug\pa_win_wmme.obj
         Win32\Debug\pa_win_wasapi.obj
         Win32\Debug\pa_win_wdmks.obj
         Win32\Debug\pa_win_coinitialize.obj
         Win32\Debug\pa_win_hostapis.obj
         Win32\Debug\pa_win_util.obj
         Win32\Debug\pa_win_waveformat.obj
         Win32\Debug\pa_win_wdmks_utils.obj
         Win32\Debug\pa_x86_plain_converters.obj
     1>pa_allocation.obj : warning LNK4075: ignoring '/EDITANDCONTINUE' due to '/SAFESEH' specification
            Creating library Win32\Debug\portaudio_x86.lib and object Win32\Debug\portaudio_x86.exp
         portaudio.vcxproj -> C:\Users\thind\GoogleDrive\Embedded\Project\Audio\portaudio\build\msvc\Win32\Debug\portaudio.dll
     1>Done Building Project "C:\Users\thind\GoogleDrive\Embedded\Project\Audio\portaudio\build\msvc\portaudio.vcxproj" (Build target(s)).

Build succeeded.

Time Elapsed 00:00:04.92
